2026-07-09T14:59:44.2570230Z,Updating submodules.,5cebf243-b09b-412e-8662-e061799f045e,0
2026-07-09T14:59:45.6094485Z,Preparing deployment for commit id 'afec683e-6'.,e20c5c46-e53b-4078-a162-cbe532aed3e3,0
2026-07-09T14:59:46.2301443Z,PreDeployment: context.CleanOutputPath False,75c88ae0-fef2-41f8-8057-ba9013f6f4cb,0
2026-07-09T14:59:46.4386927Z,PreDeployment: context.OutputPath /home/site/wwwroot,9e65745f-b60f-4bbe-86df-767ecd0929a6,0
2026-07-09T14:59:46.7299811Z,Running build. Project type: OneDeploy,6829a9bb-b7ec-4341-a96e-0623ebd4e8e5,0
2026-07-09T14:59:46.9303456Z,Copying the manifest,b321de20-276d-4772-8f72-1abe8afb0e28,0
2026-07-09T14:59:47.4389793Z,Clean deploying to /home/site/wwwroot,fa059a7c-ae2f-4959-8320-5465c257006a,0
2026-07-09T14:59:47.7236871Z,Generating deployment script.,788940da-07d2-4d25-a458-bde3941fc899,0
2026-07-09T14:59:47.9436557Z,Running deployment command...,23f8fe8e-6f62-4aa4-8f7b-656335a5b3e5,0
	2026-07-09T14:59:47.9820293Z,Command: /opt/Kudu/Scripts/parallel_rsync.sh /tmp/zipdeploy/extracted /home/site/wwwroot 8 /tmp/ True False  ,,0
	2026-07-09T14:59:48.2345191Z,Run rsync from: /tmp/zipdeploy/extracted/ to: /home/site/wwwroot/ in 8 parallel threads,,0
	2026-07-09T14:59:48.3048884Z,Delete options: clean=True&comma; use manifest=False&comma; directory to ignore=,,0
	2026-07-09T14:59:48.3550146Z,Prev manifest = /tmp/tmpwWmZU9.tmp and next /tmp/tmpwWmZU9.tmp,,0
	2026-07-09T14:59:48.4732370Z,Cleaning up /tmp//filelist.txt and /tmp//splits,,0
	2026-07-09T14:59:48.7234015Z,Creating a list of all files at /tmp//filelist.txt,,0
	2026-07-09T14:59:48.8271096Z,No directory to exclude.,,0
	2026-07-09T14:59:48.9633893Z,Created /tmp//filelist.txt. Total number of files to be synced = 83.,,0
	2026-07-09T14:59:49.1556406Z,Created batches from the list of files. Processing 11 files in each thread,,0
	2026-07-09T14:59:49.5118886Z,Running rsync for filelist /tmp//splits/split.aa from /tmp/zipdeploy/extracted/ to /home/site/wwwroot/,,0
	2026-07-09T14:59:49.7025977Z,Running rsync for filelist /tmp//splits/split.ab from /tmp/zipdeploy/extracted/ to /home/site/wwwroot/,,0
	2026-07-09T14:59:49.7424065Z,Running rsync for filelist /tmp//splits/split.ac from /tmp/zipdeploy/extracted/ to /home/site/wwwroot/,,0
	2026-07-09T14:59:49.8430574Z,Running rsync for filelist /tmp//splits/split.ae from /tmp/zipdeploy/extracted/ to /home/site/wwwroot/,,0
	2026-07-09T14:59:49.9854815Z,Running rsync for filelist /tmp//splits/split.ad from /tmp/zipdeploy/extracted/ to /home/site/wwwroot/,,0
	2026-07-09T14:59:50.0821620Z,Running rsync for filelist /tmp//splits/split.ag from /tmp/zipdeploy/extracted/ to /home/site/wwwroot/,,0
	2026-07-09T14:59:50.1417796Z,Running rsync for filelist /tmp//splits/split.af from /tmp/zipdeploy/extracted/ to /home/site/wwwroot/,,0
	2026-07-09T14:59:50.2039558Z,Running rsync for filelist /tmp//splits/split.ah from /tmp/zipdeploy/extracted/ to /home/site/wwwroot/,,0
	2026-07-09T14:59:53.9324315Z,,,0
	2026-07-09T14:59:55.0049287Z,Number of files: 11 (reg: 11),,0
	2026-07-09T14:59:55.4136744Z,Number of created files: 11 (reg: 11),,0
	2026-07-09T14:59:55.6277127Z,Number of deleted files: 0,,0
	2026-07-09T14:59:56.1362806Z,Number of regular files transferred: 11,,0
	2026-07-09T14:59:56.5198855Z,Total file size: 812.36K bytes,,0
	2026-07-09T14:59:56.8682349Z,Total transferred file size: 812.36K bytes,,0
	2026-07-09T14:59:57.3994484Z,Literal data: 812.36K bytes,,0
	2026-07-09T14:59:57.6966729Z,Matched data: 0 bytes,,0
	2026-07-09T14:59:57.8909271Z,File list size: 0,,0
	2026-07-09T14:59:58.0478222Z,File list generation time: 0.001 seconds,,0
	2026-07-09T14:59:58.2596890Z,File list transfer time: 0.000 seconds,,0
	2026-07-09T14:59:58.6627013Z,Total bytes sent: 292.61K,,0
	2026-07-09T14:59:58.9425899Z,Total bytes received: 225,,0
	2026-07-09T14:59:59.2602762Z,,,0
	2026-07-09T14:59:59.5515073Z,sent 292.61K bytes  received 225 bytes  65.08K bytes/sec,,0
	2026-07-09T14:59:59.7130275Z,total size is 812.36K  speedup is 2.77,,0
	2026-07-09T14:59:59.9910080Z,Attempt 1: Rsync for filelist /tmp//splits/split.ae completed with exit code 0,,0
	2026-07-09T15:00:00.1921822Z,,,0
	2026-07-09T15:00:00.4052317Z,Number of files: 6 (reg: 6),,0
	2026-07-09T15:00:00.6172112Z,Number of created files: 6 (reg: 6),,0
	2026-07-09T15:00:00.7588674Z,Number of deleted files: 0,,0
	2026-07-09T15:00:00.9322841Z,Number of regular files transferred: 6,,0
	2026-07-09T15:00:01.1798054Z,Total file size: 1.68M bytes,,0
	2026-07-09T15:00:01.2905632Z,Total transferred file size: 1.68M bytes,,0
	2026-07-09T15:00:01.6164618Z,Literal data: 1.68M bytes,,0
	2026-07-09T15:00:02.0542845Z,Matched data: 0 bytes,,0
	2026-07-09T15:00:02.4794360Z,File list size: 0,,0
	2026-07-09T15:00:02.7836711Z,File list generation time: 0.001 seconds,,0
	2026-07-09T15:00:03.2841137Z,File list transfer time: 0.000 seconds,,0
	2026-07-09T15:00:03.8161918Z,Total bytes sent: 391.42K,,0
	2026-07-09T15:00:04.2266667Z,Total bytes received: 130,,0
	2026-07-09T15:00:04.5937643Z,,,0
	2026-07-09T15:00:04.8721308Z,sent 391.42K bytes  received 130 bytes  71.19K bytes/sec,,0
	2026-07-09T15:00:05.3752992Z,total size is 1.68M  speedup is 4.30,,0
	2026-07-09T15:00:06.1554118Z,Attempt 1: Rsync for filelist /tmp//splits/split.ah completed with exit code 0,,0
	2026-07-09T15:00:06.5480832Z,,,0
	2026-07-09T15:00:06.6688057Z,Number of files: 13 (reg: 11&comma; dir: 2),,0
	2026-07-09T15:00:06.9977711Z,Number of created files: 13 (reg: 11&comma; dir: 2),,0
	2026-07-09T15:00:07.6458205Z,Number of deleted files: 0,,0
	2026-07-09T15:00:08.0726273Z,Number of regular files transferred: 11,,0
	2026-07-09T15:00:08.3110386Z,Total file size: 1.81M bytes,,0
	2026-07-09T15:00:08.5224350Z,Total transferred file size: 1.81M bytes,,0
	2026-07-09T15:00:08.6816893Z,Literal data: 1.81M bytes,,0
	2026-07-09T15:00:08.8700050Z,Matched data: 0 bytes,,0
	2026-07-09T15:00:08.9649462Z,File list size: 0,,0
	2026-07-09T15:00:09.0577377Z,File list generation time: 0.008 seconds,,0
	2026-07-09T15:00:09.1972461Z,File list transfer time: 0.000 seconds,,0
	2026-07-09T15:00:09.2955004Z,Total bytes sent: 596.25K,,0
	2026-07-09T15:00:09.6715016Z,Total bytes received: 231,,0
	2026-07-09T15:00:09.8919417Z,,,0
	2026-07-09T15:00:09.9841088Z,sent 596.25K bytes  received 231 bytes  79.53K bytes/sec,,0
	2026-07-09T15:00:10.0934819Z,total size is 1.81M  speedup is 3.03,,0
	2026-07-09T15:00:10.4295460Z,Attempt 1: Rsync for filelist /tmp//splits/split.af completed with exit code 0,,0
	2026-07-09T15:00:10.6286105Z,,,0
	2026-07-09T15:00:10.7675769Z,Number of files: 15 (reg: 11&comma; dir: 4),,0
	2026-07-09T15:00:11.1030256Z,Number of created files: 14 (reg: 11&comma; dir: 3),,0
	2026-07-09T15:00:11.1724667Z,Number of deleted files: 0,,0
	2026-07-09T15:00:11.4324269Z,Number of regular files transferred: 11,,0
	2026-07-09T15:00:11.5498654Z,Total file size: 4.07M bytes,,0
	2026-07-09T15:00:11.6659131Z,Total transferred file size: 4.07M bytes,,0
	2026-07-09T15:00:11.7663273Z,Literal data: 4.07M bytes,,0
	2026-07-09T15:00:11.9167333Z,Matched data: 0 bytes,,0
	2026-07-09T15:00:11.9777269Z,File list size: 0,,0
	2026-07-09T15:00:12.1083097Z,File list generation time: 0.001 seconds,,0
	2026-07-09T15:00:12.2375736Z,File list transfer time: 0.000 seconds,,0
	2026-07-09T15:00:12.3493238Z,Total bytes sent: 1.54M,,0
	2026-07-09T15:00:12.6458226Z,Total bytes received: 237,,0
	2026-07-09T15:00:12.8928144Z,,,0
	2026-07-09T15:00:12.9713574Z,sent 1.54M bytes  received 237 bytes  123.51K bytes/sec,,0
	2026-07-09T15:00:13.1937407Z,total size is 4.07M  speedup is 2.64,,0
	2026-07-09T15:00:13.4037575Z,Attempt 1: Rsync for filelist /tmp//splits/split.ad completed with exit code 0,,0
	2026-07-09T15:00:13.5250695Z,,,0
	2026-07-09T15:00:13.6535554Z,Number of files: 29 (reg: 11&comma; dir: 18),,0
	2026-07-09T15:00:13.7119017Z,Number of created files: 26 (reg: 11&comma; dir: 15),,0
	2026-07-09T15:00:13.8604698Z,Number of deleted files: 0,,0
	2026-07-09T15:00:14.0382902Z,Number of regular files transferred: 11,,0
	2026-07-09T15:00:14.2089215Z,Total file size: 4.06M bytes,,0
	2026-07-09T15:00:14.3603094Z,Total transferred file size: 4.06M bytes,,0
	2026-07-09T15:00:14.5367305Z,Literal data: 4.06M bytes,,0
	2026-07-09T15:00:14.6634368Z,Matched data: 0 bytes,,0
	2026-07-09T15:00:14.7413752Z,File list size: 0,,0
	2026-07-09T15:00:14.8717382Z,File list generation time: 0.001 seconds,,0
	2026-07-09T15:00:14.9407280Z,File list transfer time: 0.000 seconds,,0
	2026-07-09T15:00:15.0317542Z,Total bytes sent: 1.63M,,0
	2026-07-09T15:00:15.1522160Z,Total bytes received: 279,,0
	2026-07-09T15:00:15.3275012Z,,,0
	2026-07-09T15:00:15.3707414Z,sent 1.63M bytes  received 279 bytes  112.65K bytes/sec,,0
	2026-07-09T15:00:15.5109245Z,total size is 4.06M  speedup is 2.48,,0
	2026-07-09T15:00:15.5711830Z,Attempt 1: Rsync for filelist /tmp//splits/split.ac completed with exit code 0,,0
	2026-07-09T15:00:15.6814949Z,,,0
	2026-07-09T15:00:15.7295207Z,Number of files: 11 (reg: 11),,0
	2026-07-09T15:00:15.8218909Z,Number of created files: 11 (reg: 11),,0
	2026-07-09T15:00:15.8869314Z,Number of deleted files: 0,,0
	2026-07-09T15:00:15.9476026Z,Number of regular files transferred: 11,,0
	2026-07-09T15:00:16.0564549Z,Total file size: 5.36M bytes,,0
	2026-07-09T15:00:16.4031822Z,Total transferred file size: 5.36M bytes,,0
	2026-07-09T15:00:17.2341927Z,Literal data: 5.36M bytes,,0
	2026-07-09T15:00:17.6473475Z,Matched data: 0 bytes,,0
	2026-07-09T15:00:18.1083600Z,File list size: 0,,0
	2026-07-09T15:00:18.3390318Z,File list generation time: 0.072 seconds,,0
	2026-07-09T15:00:18.4994836Z,File list transfer time: 0.000 seconds,,0
	2026-07-09T15:00:18.6276663Z,Total bytes sent: 1.83M,,0
	2026-07-09T15:00:18.7193310Z,Total bytes received: 225,,0
	2026-07-09T15:00:18.7946439Z,,,0
	2026-07-09T15:00:18.9153210Z,sent 1.83M bytes  received 225 bytes  104.73K bytes/sec,,0
	2026-07-09T15:00:18.9654726Z,total size is 5.36M  speedup is 2.92,,0
	2026-07-09T15:00:19.1071802Z,Attempt 1: Rsync for filelist /tmp//splits/split.ab completed with exit code 0,,0
	2026-07-09T15:00:19.1735942Z,,,0
	2026-07-09T15:00:19.2355260Z,Number of files: 16 (reg: 11&comma; dir: 5),,0
	2026-07-09T15:00:19.3437500Z,Number of created files: 16 (reg: 11&comma; dir: 5),,0
	2026-07-09T15:00:19.4418260Z,Number of deleted files: 0,,0
	2026-07-09T15:00:19.5702572Z,Number of regular files transferred: 11,,0
	2026-07-09T15:00:19.6771389Z,Total file size: 7.38M bytes,,0
	2026-07-09T15:00:19.7652069Z,Total transferred file size: 7.38M bytes,,0
	2026-07-09T15:00:19.8449470Z,Literal data: 7.38M bytes,,0
	2026-07-09T15:00:20.0474528Z,Matched data: 0 bytes,,0
	2026-07-09T15:00:20.7097816Z,File list size: 0,,0
	2026-07-09T15:00:21.0675361Z,File list generation time: 0.001 seconds,,0
	2026-07-09T15:00:21.5985123Z,File list transfer time: 0.000 seconds,,0
	2026-07-09T15:00:21.9298874Z,Total bytes sent: 4.92M,,0
	2026-07-09T15:00:22.2079662Z,Total bytes received: 240,,0
	2026-07-09T15:00:22.2921432Z,,,0
	2026-07-09T15:00:22.3324238Z,sent 4.92M bytes  received 240 bytes  228.70K bytes/sec,,0
	2026-07-09T15:00:22.4005504Z,total size is 7.38M  speedup is 1.50,,0
	2026-07-09T15:00:22.4611256Z,Attempt 1: Rsync for filelist /tmp//splits/split.aa completed with exit code 0,,0
	2026-07-09T15:00:22.5415127Z,,,0
	2026-07-09T15:00:22.6410058Z,Number of files: 11 (reg: 11),,0
	2026-07-09T15:00:22.7120325Z,Number of created files: 11 (reg: 11),,0
	2026-07-09T15:00:22.7839139Z,Number of deleted files: 0,,0
	2026-07-09T15:00:22.8409524Z,Number of regular files transferred: 11,,0
	2026-07-09T15:00:22.9550483Z,Total file size: 7.69M bytes,,0
	2026-07-09T15:00:23.0260441Z,Total transferred file size: 7.69M bytes,,0
	2026-07-09T15:00:23.0772742Z,Literal data: 7.69M bytes,,0
	2026-07-09T15:00:23.1341172Z,Matched data: 0 bytes,,0
	2026-07-09T15:00:23.2125338Z,File list size: 0,,0
	2026-07-09T15:00:23.2704724Z,File list generation time: 0.080 seconds,,0
	2026-07-09T15:00:23.3402670Z,File list transfer time: 0.000 seconds,,0
	2026-07-09T15:00:23.4194746Z,Total bytes sent: 2.05M,,0
	2026-07-09T15:00:23.4814179Z,Total bytes received: 225,,0
	2026-07-09T15:00:23.5818276Z,,,0
	2026-07-09T15:00:23.6125844Z,sent 2.05M bytes  received 225 bytes  87.41K bytes/sec,,0
	2026-07-09T15:00:23.7095387Z,total size is 7.69M  speedup is 3.74,,0
	2026-07-09T15:00:23.8099075Z,Attempt 1: Rsync for filelist /tmp//splits/split.ag completed with exit code 0,,0
	2026-07-09T15:00:23.8699805Z,Deleting files not present in /tmp/zipdeploy/extracted/ from /home/site/wwwroot/,,0
	2026-07-09T15:00:23.9530033Z,Number of files deleted: 1. See /tmp//rsync_deletion_logs.txt for more details.,,0
	2026-07-09T15:00:24.0130940Z,Completed successfully in 26 seconds,,0
2026-07-09T15:00:24.4054821Z,Build completed succesfully.,8c262c15-b787-4593-a1aa-e7f243093fd8,0
2026-07-09T15:00:24.6157236Z,Running post deployment command(s)...,bdd368a9-c499-4023-89cc-d64a253fb997,0
2026-07-09T15:00:24.9506614Z,Triggering container recycle for OneDeploy by adding/updating restartTrigger.txt to the site root path,d1bc9e41-bcf7-4eb5-ae88-7ef3884328cb,0
2026-07-09T15:00:25.3920423Z,Deployment successful. deployer = OneDeploy deploymentPath = OneDeploy,ec19f272-cd9b-4e85-aac1-48d0c6920735,0
