2026-07-09T14:56:51.0133035Z State: Starting, Action: EstablishingSiteNetworks, LastError: , LastErrorTimestamp: 01/01/0001 00:00:00, LastErrorDetails: , Details: , DetailsLevel: INFO
2026-07-09T14:56:54.8347942Z State: Starting, Action: StartingSiteContainers, LastError: , LastErrorTimestamp: 01/01/0001 00:00:00, LastErrorDetails: , Details: , DetailsLevel: INFO
2026-07-09T14:56:54.8558710Z Container start method called.
2026-07-09T14:56:54.8960449Z State: Starting, Action: PullingImage, LastError: , LastErrorTimestamp: 01/01/0001 00:00:00, LastErrorDetails: , Details: Pulling image 10.1.0.6:13209/appsvc/dotnetcore:8.0_20260504.4.tuxprod for vetamb-prod-app., DetailsLevel: INFO
2026-07-09T14:56:54.8970594Z Establishing network.
2026-07-09T14:56:54.9070353Z Pulling image: appsvc/dotnetcore:8.0_20260504.4.tuxprod.
2026-07-09T14:56:55.1956831Z Container is starting.
2026-07-09T14:56:55.1960903Z State: Starting, Action: MountingVolumes, LastError: , LastErrorTimestamp: 01/01/0001 00:00:00, LastErrorDetails: , Details: Mounting volumes for vetamb-prod-app., DetailsLevel: INFO
2026-07-09T14:56:55.1962411Z Establishing user namespace if not established already.
2026-07-09T14:56:55.2045196Z Establishing network if not established already.
2026-07-09T14:56:55.2050680Z Mounting volumes.
2026-07-09T14:56:55.2160868Z Nested mountpoint 
2026-07-09T14:56:55.2833788Z Nested mountpoint volatile/logs
2026-07-09T14:56:55.3222243Z Nested mountpoint 
2026-07-09T14:56:55.3730243Z Nested mountpoint 
2026-07-09T14:56:55.3937785Z Nested mountpoint 
2026-07-09T14:56:55.5104939Z Nested mountpoint 
2026-07-09T14:56:56.5530708Z State: Starting, Action: CreatingContainer, LastError: , LastErrorTimestamp: 01/01/0001 00:00:00, LastErrorDetails: , Details: Finished pulling container image and mounting volumes for vetamb-prod-app. Allocatinng the rest of the container resources to finish container creation., DetailsLevel: INFO
2026-07-09T14:56:56.5605625Z Creating container.
2026-07-09T14:56:56.5619475Z Creating pipes for streaming container io.
2026-07-09T14:56:56.5631409Z Creating stdout named pipe at /podr/container/pipe/a143b18429af_vetamb-prod-app/stdout_e2bd0b6e65404cf1874de42f69dcb731.
2026-07-09T14:56:56.5710072Z Successfully created stdout named pipe at: /podr/container/pipe/a143b18429af_vetamb-prod-app/stdout_e2bd0b6e65404cf1874de42f69dcb731.
2026-07-09T14:56:56.5722880Z Opening named pipe /podr/container/pipe/a143b18429af_vetamb-prod-app/stdout_e2bd0b6e65404cf1874de42f69dcb731 for reading in non-blocking mode.
2026-07-09T14:56:56.5727821Z Successfully opened named pipe: /podr/container/pipe/a143b18429af_vetamb-prod-app/stdout_e2bd0b6e65404cf1874de42f69dcb731.
2026-07-09T14:56:56.5733892Z Successfully removed non-blocking flag from /podr/container/pipe/a143b18429af_vetamb-prod-app/stdout_e2bd0b6e65404cf1874de42f69dcb731.
2026-07-09T14:56:56.6010109Z Creating stderr named pipe at /podr/container/pipe/a143b18429af_vetamb-prod-app/stderr_9f087c9584c8462b8653722e9fa11f41.
2026-07-09T14:56:56.6013980Z Successfully created stderr named pipe at: /podr/container/pipe/a143b18429af_vetamb-prod-app/stderr_9f087c9584c8462b8653722e9fa11f41.
2026-07-09T14:56:56.6017044Z Opening named pipe /podr/container/pipe/a143b18429af_vetamb-prod-app/stderr_9f087c9584c8462b8653722e9fa11f41 for reading in non-blocking mode.
2026-07-09T14:56:56.6018374Z Successfully opened named pipe: /podr/container/pipe/a143b18429af_vetamb-prod-app/stderr_9f087c9584c8462b8653722e9fa11f41.
2026-07-09T14:56:56.6019331Z Successfully removed non-blocking flag from /podr/container/pipe/a143b18429af_vetamb-prod-app/stderr_9f087c9584c8462b8653722e9fa11f41.
2026-07-09T14:56:56.6238164Z Creating container with image: appsvc/dotnetcore:8.0_20260504.4.tuxprod from registry: 10.1.0.6:13209 and fully qualified image name: 10.1.0.6:13209/appsvc/dotnetcore:8.0_20260504.4.tuxprod
2026-07-09T14:56:58.2606168Z Container get mounts received unexpected exception.
2026-07-09T14:56:58.4713235Z Container get processes received unexpected exception.
2026-07-09T14:56:58.8420329Z Starting container: a143b18429af_vetamb-prod-app.
2026-07-09T14:56:59.6420519Z Starting watchers and probes.
2026-07-09T14:56:59.8143900Z Starting metrics collection.
2026-07-09T14:56:59.9139982Z Container is running.
2026-07-09T14:56:59.9141866Z State: Starting, Action: CreatingContainer, LastError: , LastErrorTimestamp: 01/01/0001 00:00:00, LastErrorDetails: , Details: Container vetamb-prod-app successfully created and is running., DetailsLevel: INFO
2026-07-09T14:57:00.8595339Z Container start method finished after 6002 ms.
2026-07-09T14:57:00.9084131Z State: Starting, Action: InitiatingSiteWarmUpProbe, LastError: , LastErrorTimestamp: 01/01/0001 00:00:00, LastErrorDetails: , Details: Container vetamb-prod-app successfully created and is running., DetailsLevel: INFO
2026-07-09T14:57:00.9504836Z State: Starting, Action: WaitingForSiteWarmUpProbeSuccess, LastError: , LastErrorTimestamp: 01/01/0001 00:00:00, LastErrorDetails: , Details: Pinging warmup path to ensure container is ready to receive requests., DetailsLevel: INFO
2026-07-09T14:57:50.0961479Z Site startup probe succeeded after 48.8940464 seconds.
2026-07-09T14:57:50.8763113Z State: Starting, Action: WarmUpProbeSucceeded, LastError: , LastErrorTimestamp: 01/01/0001 00:00:00, LastErrorDetails: , Details: Site startup probe succeeded after 48.8940464 seconds., DetailsLevel: INFO
2026-07-09T14:57:52.9280069Z Site started.
2026-07-09T14:57:52.9283180Z State: Started, Action: None, LastError: , LastErrorTimestamp: 01/01/0001 00:00:00, LastErrorDetails: , Details: Site started at 07/09/2026 14:57:52 (UTC), DetailsLevel: INFO
2026-07-09T14:57:53.8216992Z Site is running with patch version DOTNETCORE-8.0.26
2026-07-09T15:00:39.0097338Z State: Starting, Action: EstablishingSiteNetworks, LastError: , LastErrorTimestamp: 01/01/0001 00:00:00, LastErrorDetails: , Details: , DetailsLevel: INFO
2026-07-09T15:00:45.2636257Z State: Starting, Action: StartingSiteContainers, LastError: , LastErrorTimestamp: 01/01/0001 00:00:00, LastErrorDetails: , Details: , DetailsLevel: INFO
2026-07-09T15:00:45.2639600Z Container start method called.
2026-07-09T15:00:45.2743812Z State: Starting, Action: PullingImage, LastError: , LastErrorTimestamp: 01/01/0001 00:00:00, LastErrorDetails: , Details: Pulling image 10.1.0.6:13209/appsvc/dotnetcore:8.0_20260504.4.tuxprod for vetamb-prod-app., DetailsLevel: INFO
2026-07-09T15:00:45.2747656Z Establishing network.
2026-07-09T15:00:45.3339608Z Pulling image: appsvc/dotnetcore:8.0_20260504.4.tuxprod.
2026-07-09T15:00:46.9877771Z Container is starting.
2026-07-09T15:00:46.9884327Z State: Starting, Action: MountingVolumes, LastError: , LastErrorTimestamp: 01/01/0001 00:00:00, LastErrorDetails: , Details: Mounting volumes for vetamb-prod-app., DetailsLevel: INFO
2026-07-09T15:00:46.9898987Z Establishing user namespace if not established already.
2026-07-09T15:00:47.0186471Z Establishing network if not established already.
2026-07-09T15:00:47.0372775Z Mounting volumes.
2026-07-09T15:00:47.0470388Z Nested mountpoint 
2026-07-09T15:00:47.1664620Z Nested mountpoint volatile/logs
2026-07-09T15:00:47.2168678Z Nested mountpoint 
2026-07-09T15:00:47.2772386Z Nested mountpoint 
2026-07-09T15:00:47.3588424Z Nested mountpoint 
2026-07-09T15:00:47.6189258Z Nested mountpoint 
2026-07-09T15:00:49.3248250Z State: Starting, Action: CreatingContainer, LastError: , LastErrorTimestamp: 01/01/0001 00:00:00, LastErrorDetails: , Details: Finished pulling container image and mounting volumes for vetamb-prod-app. Allocatinng the rest of the container resources to finish container creation., DetailsLevel: INFO
2026-07-09T15:00:49.3251163Z Creating container.
2026-07-09T15:00:49.3252140Z Creating pipes for streaming container io.
2026-07-09T15:00:49.3256192Z Creating stdout named pipe at /podr/container/pipe/cad547aa8af2_vetamb-prod-app/stdout_6bb89c2f49864650ae7019587b30c0cd.
2026-07-09T15:00:49.3767921Z Successfully created stdout named pipe at: /podr/container/pipe/cad547aa8af2_vetamb-prod-app/stdout_6bb89c2f49864650ae7019587b30c0cd.
2026-07-09T15:00:49.3863000Z Opening named pipe /podr/container/pipe/cad547aa8af2_vetamb-prod-app/stdout_6bb89c2f49864650ae7019587b30c0cd for reading in non-blocking mode.
2026-07-09T15:00:49.3958291Z Successfully opened named pipe: /podr/container/pipe/cad547aa8af2_vetamb-prod-app/stdout_6bb89c2f49864650ae7019587b30c0cd.
2026-07-09T15:00:49.3967473Z Successfully removed non-blocking flag from /podr/container/pipe/cad547aa8af2_vetamb-prod-app/stdout_6bb89c2f49864650ae7019587b30c0cd.
2026-07-09T15:00:49.4062353Z Creating stderr named pipe at /podr/container/pipe/cad547aa8af2_vetamb-prod-app/stderr_b3e75cc8067c468f824149c68232b2fd.
2026-07-09T15:00:49.4157149Z Successfully created stderr named pipe at: /podr/container/pipe/cad547aa8af2_vetamb-prod-app/stderr_b3e75cc8067c468f824149c68232b2fd.
2026-07-09T15:00:49.4236040Z Opening named pipe /podr/container/pipe/cad547aa8af2_vetamb-prod-app/stderr_b3e75cc8067c468f824149c68232b2fd for reading in non-blocking mode.
2026-07-09T15:00:49.4250682Z Successfully opened named pipe: /podr/container/pipe/cad547aa8af2_vetamb-prod-app/stderr_b3e75cc8067c468f824149c68232b2fd.
2026-07-09T15:00:49.4334693Z Successfully removed non-blocking flag from /podr/container/pipe/cad547aa8af2_vetamb-prod-app/stderr_b3e75cc8067c468f824149c68232b2fd.
2026-07-09T15:00:49.4346381Z Creating container with image: appsvc/dotnetcore:8.0_20260504.4.tuxprod from registry: 10.1.0.6:13209 and fully qualified image name: 10.1.0.6:13209/appsvc/dotnetcore:8.0_20260504.4.tuxprod
2026-07-09T15:00:51.3958650Z Starting container: cad547aa8af2_vetamb-prod-app.
2026-07-09T15:00:51.5664640Z Starting watchers and probes.
2026-07-09T15:00:51.5668569Z Starting metrics collection.
2026-07-09T15:00:51.5763264Z Container is running.
2026-07-09T15:00:51.6044235Z State: Starting, Action: CreatingContainer, LastError: , LastErrorTimestamp: 01/01/0001 00:00:00, LastErrorDetails: , Details: Container vetamb-prod-app successfully created and is running., DetailsLevel: INFO
2026-07-09T15:00:52.6963229Z Container start method finished after 7432 ms.
2026-07-09T15:00:52.6965748Z State: Starting, Action: InitiatingSiteWarmUpProbe, LastError: , LastErrorTimestamp: 01/01/0001 00:00:00, LastErrorDetails: , Details: Container vetamb-prod-app successfully created and is running., DetailsLevel: INFO
2026-07-09T15:00:52.6966071Z State: Starting, Action: WaitingForSiteWarmUpProbeSuccess, LastError: , LastErrorTimestamp: 01/01/0001 00:00:00, LastErrorDetails: , Details: Pinging warmup path to ensure container is ready to receive requests., DetailsLevel: INFO
2026-07-09T15:02:44.4503393Z Site startup probe succeeded after 111.6973461 seconds.
2026-07-09T15:02:44.9315342Z State: Starting, Action: WarmUpProbeSucceeded, LastError: , LastErrorTimestamp: 01/01/0001 00:00:00, LastErrorDetails: , Details: Site startup probe succeeded after 111.6973461 seconds., DetailsLevel: INFO
2026-07-09T15:02:45.7517970Z Site is running with deployment version: afec683e-6e81-48cd-bbcf-c587b28cb981
2026-07-09T15:02:45.7596961Z Site started.
2026-07-09T15:02:45.7613349Z State: Started, Action: None, LastError: , LastErrorTimestamp: 01/01/0001 00:00:00, LastErrorDetails: , Details: Site started at 07/09/2026 15:02:45 (UTC), DetailsLevel: INFO
2026-07-09T15:02:45.7892863Z Site is running with patch version DOTNETCORE-8.0.26
2026-07-09T15:03:06.3298633Z State: Stopping, Action: StoppingSite, LastError: , LastErrorTimestamp: 01/01/0001 00:00:00, LastErrorDetails: , Details: Site started at 07/09/2026 14:57:52 (UTC), DetailsLevel: INFO
2026-07-09T15:03:06.4508110Z State: Stopping, Action: StoppingSiteContainers, LastError: , LastErrorTimestamp: 01/01/0001 00:00:00, LastErrorDetails: , Details: Site started at 07/09/2026 14:57:52 (UTC), DetailsLevel: INFO
2026-07-09T15:03:06.5594434Z Container is terminating. Grace period: 5 seconds.
2026-07-09T15:03:07.0562079Z Stop and delete container. Retry count = 0
2026-07-09T15:03:07.0679149Z Stopping container: a143b18429af_vetamb-prod-app.
2026-07-09T15:03:12.2021935Z Deleting container: a143b18429af_vetamb-prod-app. Retry count = 0
2026-07-09T15:03:13.3066267Z Container spec TerminationMessagePolicy  path 
2026-07-09T15:03:13.3285538Z Container is terminated. Total time elapsed: 6758 ms.
2026-07-09T15:03:13.4168297Z Site: vetamb-prod-app stopped.
2026-07-09T15:11:26.1037776Z State: Starting, Action: EstablishingSiteNetworks, LastError: , LastErrorTimestamp: 01/01/0001 00:00:00, LastErrorDetails: , Details: , DetailsLevel: INFO
2026-07-09T15:11:30.8915828Z State: Starting, Action: StartingSiteContainers, LastError: , LastErrorTimestamp: 01/01/0001 00:00:00, LastErrorDetails: , Details: , DetailsLevel: INFO
2026-07-09T15:11:30.9108713Z Container start method called.
2026-07-09T15:11:30.9201187Z State: Starting, Action: PullingImage, LastError: , LastErrorTimestamp: 01/01/0001 00:00:00, LastErrorDetails: , Details: Pulling image 10.1.0.6:13209/appsvc/dotnetcore:8.0_20260504.4.tuxprod for vetamb-prod-app., DetailsLevel: INFO
2026-07-09T15:11:30.9209906Z Establishing network.
2026-07-09T15:11:30.9215245Z Pulling image: appsvc/dotnetcore:8.0_20260504.4.tuxprod.
2026-07-09T15:11:32.6517839Z Container is starting.
2026-07-09T15:11:32.6519575Z State: Starting, Action: MountingVolumes, LastError: , LastErrorTimestamp: 01/01/0001 00:00:00, LastErrorDetails: , Details: Mounting volumes for vetamb-prod-app., DetailsLevel: INFO
2026-07-09T15:11:32.6520568Z Establishing user namespace if not established already.
2026-07-09T15:11:32.6521417Z Establishing network if not established already.
2026-07-09T15:11:32.6522372Z Mounting volumes.
2026-07-09T15:11:32.6523939Z Nested mountpoint 
2026-07-09T15:11:32.7219128Z Nested mountpoint volatile/logs
2026-07-09T15:11:32.7403141Z Nested mountpoint 
2026-07-09T15:11:32.7428706Z Nested mountpoint 
2026-07-09T15:11:32.7514118Z Nested mountpoint 
2026-07-09T15:11:32.7634163Z Nested mountpoint 
2026-07-09T15:11:33.9968997Z State: Starting, Action: CreatingContainer, LastError: , LastErrorTimestamp: 01/01/0001 00:00:00, LastErrorDetails: , Details: Finished pulling container image and mounting volumes for vetamb-prod-app. Allocatinng the rest of the container resources to finish container creation., DetailsLevel: INFO
2026-07-09T15:11:34.0249756Z Creating container.
2026-07-09T15:11:34.0257121Z Creating pipes for streaming container io.
2026-07-09T15:11:34.0343785Z Creating stdout named pipe at /podr/container/pipe/34a2b7b6a555_vetamb-prod-app/stdout_d566b70ab26e48ccbf7e19a4817ae048.
2026-07-09T15:11:34.0353750Z Successfully created stdout named pipe at: /podr/container/pipe/34a2b7b6a555_vetamb-prod-app/stdout_d566b70ab26e48ccbf7e19a4817ae048.
2026-07-09T15:11:34.0365174Z Opening named pipe /podr/container/pipe/34a2b7b6a555_vetamb-prod-app/stdout_d566b70ab26e48ccbf7e19a4817ae048 for reading in non-blocking mode.
2026-07-09T15:11:34.1052905Z Successfully opened named pipe: /podr/container/pipe/34a2b7b6a555_vetamb-prod-app/stdout_d566b70ab26e48ccbf7e19a4817ae048.
2026-07-09T15:11:34.1245561Z Successfully removed non-blocking flag from /podr/container/pipe/34a2b7b6a555_vetamb-prod-app/stdout_d566b70ab26e48ccbf7e19a4817ae048.
2026-07-09T15:11:34.1249099Z Creating stderr named pipe at /podr/container/pipe/34a2b7b6a555_vetamb-prod-app/stderr_dc0107369a20406a96df922a3c997c80.
2026-07-09T15:11:34.1251015Z Successfully created stderr named pipe at: /podr/container/pipe/34a2b7b6a555_vetamb-prod-app/stderr_dc0107369a20406a96df922a3c997c80.
2026-07-09T15:11:34.1251788Z Opening named pipe /podr/container/pipe/34a2b7b6a555_vetamb-prod-app/stderr_dc0107369a20406a96df922a3c997c80 for reading in non-blocking mode.
2026-07-09T15:11:34.1252673Z Successfully opened named pipe: /podr/container/pipe/34a2b7b6a555_vetamb-prod-app/stderr_dc0107369a20406a96df922a3c997c80.
2026-07-09T15:11:34.1253448Z Successfully removed non-blocking flag from /podr/container/pipe/34a2b7b6a555_vetamb-prod-app/stderr_dc0107369a20406a96df922a3c997c80.
2026-07-09T15:11:34.1254681Z Creating container with image: appsvc/dotnetcore:8.0_20260504.4.tuxprod from registry: 10.1.0.6:13209 and fully qualified image name: 10.1.0.6:13209/appsvc/dotnetcore:8.0_20260504.4.tuxprod
2026-07-09T15:11:36.2844161Z Starting container: 34a2b7b6a555_vetamb-prod-app.
2026-07-09T15:11:36.6832566Z Starting watchers and probes.
2026-07-09T15:11:36.6838224Z Starting metrics collection.
2026-07-09T15:11:36.6860259Z Container is running.
2026-07-09T15:11:36.7435014Z State: Starting, Action: CreatingContainer, LastError: , LastErrorTimestamp: 01/01/0001 00:00:00, LastErrorDetails: , Details: Container vetamb-prod-app successfully created and is running., DetailsLevel: INFO
2026-07-09T15:11:38.5633181Z Container start method finished after 7644 ms.
2026-07-09T15:11:38.8415016Z State: Starting, Action: InitiatingSiteWarmUpProbe, LastError: , LastErrorTimestamp: 01/01/0001 00:00:00, LastErrorDetails: , Details: Container vetamb-prod-app successfully created and is running., DetailsLevel: INFO
2026-07-09T15:11:38.8418652Z State: Starting, Action: WaitingForSiteWarmUpProbeSuccess, LastError: , LastErrorTimestamp: 01/01/0001 00:00:00, LastErrorDetails: , Details: Pinging warmup path to ensure container is ready to receive requests., DetailsLevel: INFO
2026-07-09T15:13:33.7909084Z Site startup probe succeeded after 114.841193 seconds.
2026-07-09T15:13:34.0216702Z State: Starting, Action: WarmUpProbeSucceeded, LastError: , LastErrorTimestamp: 01/01/0001 00:00:00, LastErrorDetails: , Details: Site startup probe succeeded after 114.841193 seconds., DetailsLevel: INFO
2026-07-09T15:13:34.9083352Z Site is running with deployment version: afec683e-6e81-48cd-bbcf-c587b28cb981
2026-07-09T15:13:34.9184546Z Site started.
2026-07-09T15:13:34.9195318Z State: Started, Action: None, LastError: , LastErrorTimestamp: 01/01/0001 00:00:00, LastErrorDetails: , Details: Site started at 07/09/2026 15:13:34 (UTC), DetailsLevel: INFO
2026-07-09T15:13:34.9518941Z Site is running with patch version DOTNETCORE-8.0.26
2026-07-09T15:13:55.1821797Z State: Stopping, Action: StoppingSite, LastError: , LastErrorTimestamp: 01/01/0001 00:00:00, LastErrorDetails: , Details: Site started at 07/09/2026 15:02:45 (UTC), DetailsLevel: INFO
2026-07-09T15:13:55.1920588Z State: Stopping, Action: StoppingSiteContainers, LastError: , LastErrorTimestamp: 01/01/0001 00:00:00, LastErrorDetails: , Details: Site started at 07/09/2026 15:02:45 (UTC), DetailsLevel: INFO
2026-07-09T15:13:55.1925588Z Container is terminating. Grace period: 5 seconds.
2026-07-09T15:13:55.2305635Z Stop and delete container. Retry count = 0
2026-07-09T15:13:55.2316337Z Stopping container: cad547aa8af2_vetamb-prod-app.
2026-07-09T15:14:01.6265997Z Deleting container: cad547aa8af2_vetamb-prod-app. Retry count = 0
2026-07-09T15:14:02.7624496Z Container spec TerminationMessagePolicy  path 
2026-07-09T15:14:02.7626285Z Container is terminated. Total time elapsed: 7569 ms.
2026-07-09T15:14:02.7724373Z Site: vetamb-prod-app stopped.
